[main] INFO  eBanking  - url is opened
[main] INFO  eBanking  - username entered
[main] INFO  eBanking  - password entered
[main] INFO  eBanking  - username & pasword submitted
[main] INFO  eBanking  - Login test PASSED!!
[main] INFO  eBanking  - url is opened
[main] INFO  eBanking  - username entered
[main] INFO  eBanking  - password entered
[main] INFO  eBanking  - url is opened
[main] INFO  eBanking  - username entered
[main] INFO  eBanking  - password entered
[main] INFO  eBanking  - username & pasword submitted
[main] INFO  eBanking  - Login test PASSED!!
[main] INFO  eBanking  - url is opened
[main] INFO  eBanking  - username entered
[main] INFO  eBanking  - password entered
[main] INFO  eBanking  - username & pasword submitted
[main] INFO  eBanking  - Login test PASSED!!
[main] INFO  eBanking  - url is opened
[main] INFO  eBanking  - username entered
[main] INFO  eBanking  - password entered
[main] INFO  eBanking  - username & pasword submitted
[main] INFO  eBanking  - Login test PASSED!!
[main] INFO  eBanking  - url is opened
[main] INFO  eBanking  - username entered
[main] INFO  eBanking  - password entered
[main] INFO  eBanking  - username & pasword submitted
[main] INFO  eBanking  - url is opened
[main] INFO  eBanking  - username entered
[main] INFO  eBanking  - password entered
[main] INFO  eBanking  - username & pasword submitted
[main] INFO  eBanking  - url is opened
[main] INFO  eBanking  - username entered
[main] INFO  eBanking  - password entered
[main] INFO  eBanking  - username & pasword submitted
[main] INFO  eBanking  - Login test PASSED!!
[main] INFO  eBanking  - url is opened
[main] INFO  eBanking  - login passed
[main] INFO  eBanking  - url is opened
[main] INFO  eBanking  - login passed
[main] INFO  eBanking  - url is opened
[main] INFO  eBanking  - username entered
[main] INFO  eBanking  - password entered
[main] INFO  eBanking  - login passed
[main] INFO  eBanking  - url is opened
[main] INFO  eBanking  - username entered
[main] INFO  eBanking  - password entered
[main] INFO  eBanking  - login passed
[main] INFO  eBanking  - username entered
[main] INFO  eBanking  - password entered
[main] INFO  eBanking  - url is opened
[main] INFO  eBanking  - login successful
[main] INFO  eBanking  - providing customer data
[main] INFO  eBanking  - data submitted
[main] INFO  eBanking  - url is opened
[main] INFO  eBanking  - login successful
[main] INFO  eBanking  - providing customer data
[main] INFO  eBanking  - data submitted
[main] INFO  eBanking  - url is opened
[main] INFO  eBanking  - login successful
[main] INFO  eBanking  - providing customer data
[main] INFO  eBanking  - data submitted
[main] INFO  eBanking  - url is opened
[main] INFO  eBanking  - login successful
[main] INFO  eBanking  - providing customer data
[main] INFO  eBanking  - data submitted
[main] INFO  eBanking  - test passed
[main] INFO  eBanking  - url is opened
[main] INFO  eBanking  - username entered
[main] INFO  eBanking  - password entered
[main] INFO  eBanking  - username & pasword submitted
[main] INFO  eBanking  - Login test PASSED!!
[main] INFO  eBanking  - url is opened
[main] INFO  eBanking  - username entered
[main] INFO  eBanking  - password entered
[main] INFO  eBanking  - username & pasword submitted
[main] INFO  eBanking  - Login test PASSED!!
[main] INFO  eBanking  - url is opened
[main] INFO  eBanking  - username entered
[main] INFO  eBanking  - password entered
[main] INFO  eBanking  - username & pasword submitted
[main] INFO  eBanking  - Login test PASSED!!
[main] INFO  eBanking  - url is opened
[main] INFO  eBanking  - username entered
[main] INFO  eBanking  - password entered
[main] INFO  eBanking  - username & pasword submitted
[main] INFO  eBanking  - url is opened
[main] INFO  eBanking  - username entered
[main] INFO  eBanking  - password entered
[main] INFO  eBanking  - username & pasword submitted
[main] INFO  eBanking  - url is opened
[main] INFO  eBanking  - username entered
[main] INFO  eBanking  - password entered
[main] INFO  eBanking  - username & pasword submitted
[main] INFO  eBanking  - url is opened
[main] INFO  eBanking  - username entered
[main] INFO  eBanking  - password entered
[main] INFO  eBanking  - username & pasword submitted
[main] INFO  eBanking  - Login test PASSED!!
[main] INFO  eBanking  - url is opened
[main] INFO  eBanking  - username entered
[main] INFO  eBanking  - password entered
[main] INFO  eBanking  - username & pasword submitted
[main] INFO  eBanking  - Login test PASSED!!
[main] INFO  eBanking  - url is opened
[main] INFO  eBanking  - url is opened
[main] INFO  eBanking  - login successful
[main] INFO  eBanking  - providing customer data
[main] INFO  eBanking  - data submitted
[main] INFO  eBanking  - test PASSED!!
